# JRE version: OpenJDK Runtime Environment (8.0_181-b13) (build 1.8.0_181-8u181-b13-0ubuntu0.16.04.1-b13)
# Java VM: OpenJDK 64-Bit Server VM (25.181-b13 mixed mode linux-amd64 compressed oops)
Heap:
 def new generation   total 37824K, used 33072K [0x00000000c0000000, 0x00000000c2900000, 0x00000000d5550000)
  eden space 33664K,  98% used [0x00000000c0000000, 0x00000000c204bfa0, 0x00000000c20e0000)
  from space 4160K,   0% used [0x00000000c20e0000, 0x00000000c20e0090, 0x00000000c24f0000)
  to   space 4160K,  96% used [0x00000000c24f0000, 0x00000000c28e05c8, 0x00000000c2900000)
 tenured generation   total 83840K, used 79576K [0x00000000d5550000, 0x00000000da730000, 0x0000000100000000)
   the space 83840K,  94% used [0x00000000d5550000, 0x00000000da3063a0, 0x00000000da306400, 0x00000000da730000)
 Metaspace       used 71697K, capacity 73198K, committed 73304K, reserved 1112064K
  class space    used 10051K, capacity 10272K, committed 10328K, reserved 1048576K
GC Heap History (10 events):
Event: 26.993 GC heap after
Heap after GC invocations=284 (full 11):
 def new generation   total 35520K, used 0K [0x00000000c0000000, 0x00000000c2680000, 0x00000000d5550000)
  eden space 31616K,   0% used [0x00000000c0000000, 0x00000000c0000000, 0x00000000c1ee0000)
  from space 3904K,   0% used [0x00000000c1ee0000, 0x00000000c1ee0000, 0x00000000c22b0000)
  to   space 3904K,   0% used [0x00000000c22b0000, 0x00000000c22b0000, 0x00000000c2680000)
 tenured generation   total 78736K, used 47238K [0x00000000d5550000, 0x00000000da234000, 0x0000000100000000)
   the space 78736K,  59% used [0x00000000d5550000, 0x00000000d8371b38, 0x00000000d8371c00, 0x00000000da234000)
 Metaspace       used 71696K, capacity 73198K, committed 73304K, reserved 1112064K
  class space    used 10051K, capacity 10272K, committed 10328K, reserved 1048576K
}
Event: 27.015 GC heap before
{Heap before GC invocations=284 (full 11):
 def new generation   total 35520K, used 31616K [0x00000000c0000000, 0x00000000c2680000, 0x00000000d5550000)
  eden space 31616K, 100% used [0x00000000c0000000, 0x00000000c1ee0000, 0x00000000c1ee0000)
  from space 3904K,   0% used [0x00000000c1ee0000, 0x00000000c1ee0000, 0x00000000c22b0000)
  to   space 3904K,   0% used [0x00000000c22b0000, 0x00000000c22b0000, 0x00000000c2680000)
 tenured generation   total 78736K, used 47238K [0x00000000d5550000, 0x00000000da234000, 0x0000000100000000)
   the space 78736K,  59% used [0x00000000d5550000, 0x00000000d8371b38, 0x00000000d8371c00, 0x00000000da234000)
 Metaspace       used 71696K, capacity 73198K, committed 73304K, reserved 1112064K
  class space    used 10051K, capacity 10272K, committed 10328K, reserved 1048576K
Event: 27.029 GC heap after
Heap after GC invocations=285 (full 11):
 def new generation   total 35520K, used 0K [0x00000000c0000000, 0x00000000c2680000, 0x00000000d5550000)
  eden space 31616K,   0% used [0x00000000c0000000, 0x00000000c0000000, 0x00000000c1ee0000)
  from space 3904K,   0% used [0x00000000c22b0000, 0x00000000c22b0090, 0x00000000c2680000)
  to   space 3904K,   0% used [0x00000000c1ee0000, 0x00000000c1ee0000, 0x00000000c22b0000)
 tenured generation   total 78736K, used 68707K [0x00000000d5550000, 0x00000000da234000, 0x0000000100000000)
   the space 78736K,  87% used [0x00000000d5550000, 0x00000000d9868d80, 0x00000000d9868e00, 0x00000000da234000)
 Metaspace       used 71696K, capacity 73198K, committed 73304K, reserved 1112064K
  class space    used 10051K, capacity 10272K, committed 10328K, reserved 1048576K
}
Event: 27.061 GC heap before
{Heap before GC invocations=285 (full 11):
 def new generation   total 35520K, used 29128K [0x00000000c0000000, 0x00000000c2680000, 0x00000000d5550000)
  eden space 31616K,  92% used [0x00000000c0000000, 0x00000000c1c72178, 0x00000000c1ee0000)
  from space 3904K,   0% used [0x00000000c22b0000, 0x00000000c22b0090, 0x00000000c2680000)
  to   space 3904K,   0% used [0x00000000c1ee0000, 0x00000000c1ee0000, 0x00000000c22b0000)
 tenured generation   total 78736K, used 68707K [0x00000000d5550000, 0x00000000da234000, 0x0000000100000000)
   the space 78736K,  87% used [0x00000000d5550000, 0x00000000d9868d80, 0x00000000d9868e00, 0x00000000da234000)
 Metaspace       used 71696K, capacity 73198K, committed 73304K, reserved 1112064K
  class space    used 10051K, capacity 10272K, committed 10328K, reserved 1048576K
Event: 27.187 GC heap after
Heap after GC invocations=286 (full 12):
 def new generation   total 37824K, used 0K [0x00000000c0000000, 0x00000000c2900000, 0x00000000d5550000)
  eden space 33664K,   0% used [0x00000000c0000000, 0x00000000c0000000, 0x00000000c20e0000)
  from space 4160K,   0% used [0x00000000c20e0000, 0x00000000c20e0000, 0x00000000c24f0000)
  to   space 4160K,   0% used [0x00000000c24f0000, 0x00000000c24f0000, 0x00000000c2900000)
 tenured generation   total 83840K, used 50302K [0x00000000d5550000, 0x00000000da730000, 0x0000000100000000)
   the space 83840K,  59% used [0x00000000d5550000, 0x00000000d866f960, 0x00000000d866fa00, 0x00000000da730000)
 Metaspace       used 71696K, capacity 73198K, committed 73304K, reserved 1112064K
  class space    used 10051K, capacity 10272K, committed 10328K, reserved 1048576K
}
Event: 27.226 GC heap before
{Heap before GC invocations=286 (full 12):
 def new generation   total 37824K, used 32725K [0x00000000c0000000, 0x00000000c2900000, 0x00000000d5550000)
  eden space 33664K,  97% used [0x00000000c0000000, 0x00000000c1ff5478, 0x00000000c20e0000)
  from space 4160K,   0% used [0x00000000c20e0000, 0x00000000c20e0000, 0x00000000c24f0000)
  to   space 4160K,   0% used [0x00000000c24f0000, 0x00000000c24f0000, 0x00000000c2900000)
 tenured generation   total 83840K, used 50302K [0x00000000d5550000, 0x00000000da730000, 0x0000000100000000)
   the space 83840K,  59% used [0x00000000d5550000, 0x00000000d866f960, 0x00000000d866fa00, 0x00000000da730000)
 Metaspace       used 71696K, capacity 73198K, committed 73304K, reserved 1112064K
  class space    used 10051K, capacity 10272K, committed 10328K, reserved 1048576K
Event: 27.348 GC heap after
Heap after GC invocations=287 (full 12):
 def new generation   total 37824K, used 3968K [0x00000000c0000000, 0x00000000c2900000, 0x00000000d5550000)
  eden space 33664K,   0% used [0x00000000c0000000, 0x00000000c0000000, 0x00000000c20e0000)
  from space 4160K,  95% used [0x00000000c24f0000, 0x00000000c28d0140, 0x00000000c2900000)
  to   space 4160K,   0% used [0x00000000c20e0000, 0x00000000c20e0000, 0x00000000c24f0000)
 tenured generation   total 83840K, used 67867K [0x00000000d5550000, 0x00000000da730000, 0x0000000100000000)
   the space 83840K,  80% used [0x00000000d5550000, 0x00000000d9796c58, 0x00000000d9796e00, 0x00000000da730000)
 Metaspace       used 71696K, capacity 73198K, committed 73304K, reserved 1112064K
  class space    used 10051K, capacity 10272K, committed 10328K, reserved 1048576K
}
Event: 31.730 GC heap before
{Heap before GC invocations=287 (full 12):
 def new generation   total 37824K, used 27116K [0x00000000c0000000, 0x00000000c2900000, 0x00000000d5550000)
  eden space 33664K,  68% used [0x00000000c0000000, 0x00000000c169b0b0, 0x00000000c20e0000)
  from space 4160K,  95% used [0x00000000c24f0000, 0x00000000c28d0140, 0x00000000c2900000)
  to   space 4160K,   0% used [0x00000000c20e0000, 0x00000000c20e0000, 0x00000000c24f0000)
 tenured generation   total 83840K, used 67867K [0x00000000d5550000, 0x00000000da730000, 0x0000000100000000)
   the space 83840K,  80% used [0x00000000d5550000, 0x00000000d9796c58, 0x00000000d9796e00, 0x00000000da730000)
 Metaspace       used 71697K, capacity 73198K, committed 73304K, reserved 1112064K
  class space    used 10051K, capacity 10272K, committed 10328K, reserved 1048576K
Event: 32.211 GC heap after
Heap after GC invocations=288 (full 12):
 def new generation   total 37824K, used 0K [0x00000000c0000000, 0x00000000c2900000, 0x00000000d5550000)
  eden space 33664K,   0% used [0x00000000c0000000, 0x00000000c0000000, 0x00000000c20e0000)
  from space 4160K,   0% used [0x00000000c20e0000, 0x00000000c20e0090, 0x00000000c24f0000)
  to   space 4160K,   0% used [0x00000000c24f0000, 0x00000000c24f0000, 0x00000000c2900000)
 tenured generation   total 83840K, used 79576K [0x00000000d5550000, 0x00000000da730000, 0x0000000100000000)
   the space 83840K,  94% used [0x00000000d5550000, 0x00000000da3063a0, 0x00000000da306400, 0x00000000da730000)
 Metaspace       used 71697K, capacity 73198K, committed 73304K, reserved 1112064K
  class space    used 10051K, capacity 10272K, committed 10328K, reserved 1048576K
}
Event: 36.545 GC heap before
{Heap before GC invocations=288 (full 12):
 def new generation   total 37824K, used 33072K [0x00000000c0000000, 0x00000000c2900000, 0x00000000d5550000)
  eden space 33664K,  98% used [0x00000000c0000000, 0x00000000c204bfa0, 0x00000000c20e0000)
  from space 4160K,   0% used [0x00000000c20e0000, 0x00000000c20e0090, 0x00000000c24f0000)
  to   space 4160K,   0% used [0x00000000c24f0000, 0x00000000c24f0000, 0x00000000c2900000)
 tenured generation   total 83840K, used 79576K [0x00000000d5550000, 0x00000000da730000, 0x0000000100000000)
   the space 83840K,  94% used [0x00000000d5550000, 0x00000000da3063a0, 0x00000000da306400, 0x00000000da730000)
 Metaspace       used 71697K, capacity 73198K, committed 73304K, reserved 1112064K
  class space    used 10051K, capacity 10272K, committed 10328K, reserved 1048576K

