# JRE version: OpenJDK Runtime Environment (8.0_181-b13) (build 1.8.0_181-8u181-b13-0ubuntu0.16.04.1-b13)
# Java VM: OpenJDK 64-Bit Server VM (25.181-b13 mixed mode linux-amd64 compressed oops)
Heap:
 def new generation   total 35712K, used 27520K [0x00000000c0000000, 0x00000000c26b0000, 0x00000000d5550000)
  eden space 31808K,  77% used [0x00000000c0000000, 0x00000000c17ffd60, 0x00000000c1f10000)
  from space 3904K,  75% used [0x00000000c22e0000, 0x00000000c25c0300, 0x00000000c26b0000)
  to   space 3904K,   0% used [0x00000000c1f10000, 0x00000000c1f10520, 0x00000000c22e0000)
 tenured generation   total 84952K, used 83048K [0x00000000d5550000, 0x00000000da846000, 0x0000000100000000)
   the space 84952K,  97% used [0x00000000d5550000, 0x00000000da66a398, 0x00000000da66a400, 0x00000000da846000)
 Metaspace       used 71702K, capacity 73198K, committed 73304K, reserved 1112064K
  class space    used 10051K, capacity 10272K, committed 10328K, reserved 1048576K
GC Heap History (10 events):
Event: 27.204 GC heap after
Heap after GC invocations=288 (full 11):
 def new generation   total 35712K, used 2016K [0x00000000c0000000, 0x00000000c26b0000, 0x00000000d5550000)
  eden space 31808K,   0% used [0x00000000c0000000, 0x00000000c0000000, 0x00000000c1f10000)
  from space 3904K,  51% used [0x00000000c22e0000, 0x00000000c24d8128, 0x00000000c26b0000)
  to   space 3904K,   0% used [0x00000000c1f10000, 0x00000000c1f10000, 0x00000000c22e0000)
 tenured generation   total 79096K, used 70876K [0x00000000d5550000, 0x00000000da28e000, 0x0000000100000000)
   the space 79096K,  89% used [0x00000000d5550000, 0x00000000d9a87040, 0x00000000d9a87200, 0x00000000da28e000)
 Metaspace       used 71702K, capacity 73198K, committed 73304K, reserved 1112064K
  class space    used 10051K, capacity 10272K, committed 10328K, reserved 1048576K
}
Event: 27.214 GC heap before
{Heap before GC invocations=288 (full 11):
 def new generation   total 35712K, used 32732K [0x00000000c0000000, 0x00000000c26b0000, 0x00000000d5550000)
  eden space 31808K,  96% used [0x00000000c0000000, 0x00000000c1dfef10, 0x00000000c1f10000)
  from space 3904K,  51% used [0x00000000c22e0000, 0x00000000c24d8128, 0x00000000c26b0000)
  to   space 3904K,   0% used [0x00000000c1f10000, 0x00000000c1f10000, 0x00000000c22e0000)
 tenured generation   total 79096K, used 70876K [0x00000000d5550000, 0x00000000da28e000, 0x0000000100000000)
   the space 79096K,  89% used [0x00000000d5550000, 0x00000000d9a87040, 0x00000000d9a87200, 0x00000000da28e000)
 Metaspace       used 71702K, capacity 73198K, committed 73304K, reserved 1112064K
  class space    used 10051K, capacity 10272K, committed 10328K, reserved 1048576K
Event: 56.440 GC heap after
Heap after GC invocations=289 (full 12):
 def new generation   total 35712K, used 0K [0x00000000c0000000, 0x00000000c26b0000, 0x00000000d5550000)
  eden space 31808K,   0% used [0x00000000c0000000, 0x00000000c0000000, 0x00000000c1f10000)
  from space 3904K,   0% used [0x00000000c1f10000, 0x00000000c1f10000, 0x00000000c22e0000)
  to   space 3904K,   0% used [0x00000000c22e0000, 0x00000000c22e0000, 0x00000000c26b0000)
 tenured generation   total 79096K, used 37709K [0x00000000d5550000, 0x00000000da28e000, 0x0000000100000000)
   the space 79096K,  47% used [0x00000000d5550000, 0x00000000d7a235b0, 0x00000000d7a23600, 0x00000000da28e000)
 Metaspace       used 71702K, capacity 73198K, committed 73304K, reserved 1112064K
  class space    used 10051K, capacity 10272K, committed 10328K, reserved 1048576K
}
Event: 57.254 GC heap before
{Heap before GC invocations=289 (full 12):
 def new generation   total 35712K, used 31808K [0x00000000c0000000, 0x00000000c26b0000, 0x00000000d5550000)
  eden space 31808K, 100% used [0x00000000c0000000, 0x00000000c1f10000, 0x00000000c1f10000)
  from space 3904K,   0% used [0x00000000c1f10000, 0x00000000c1f10000, 0x00000000c22e0000)
  to   space 3904K,   0% used [0x00000000c22e0000, 0x00000000c22e0000, 0x00000000c26b0000)
 tenured generation   total 79096K, used 37709K [0x00000000d5550000, 0x00000000da28e000, 0x0000000100000000)
   the space 79096K,  47% used [0x00000000d5550000, 0x00000000d7a235b0, 0x00000000d7a23600, 0x00000000da28e000)
 Metaspace       used 71702K, capacity 73198K, committed 73304K, reserved 1112064K
  class space    used 10051K, capacity 10272K, committed 10328K, reserved 1048576K
Event: 58.329 GC heap after
Heap after GC invocations=290 (full 12):
 def new generation   total 35712K, used 0K [0x00000000c0000000, 0x00000000c26b0000, 0x00000000d5550000)
  eden space 31808K,   0% used [0x00000000c0000000, 0x00000000c0000000, 0x00000000c1f10000)
  from space 3904K,   0% used [0x00000000c22e0000, 0x00000000c22e0148, 0x00000000c26b0000)
  to   space 3904K,   0% used [0x00000000c1f10000, 0x00000000c1f10000, 0x00000000c22e0000)
 tenured generation   total 79096K, used 59627K [0x00000000d5550000, 0x00000000da28e000, 0x0000000100000000)
   the space 79096K,  75% used [0x00000000d5550000, 0x00000000d8f8ac38, 0x00000000d8f8ae00, 0x00000000da28e000)
 Metaspace       used 71702K, capacity 73198K, committed 73304K, reserved 1112064K
  class space    used 10051K, capacity 10272K, committed 10328K, reserved 1048576K
}
Event: 59.270 GC heap before
{Heap before GC invocations=290 (full 12):
 def new generation   total 35712K, used 31444K [0x00000000c0000000, 0x00000000c26b0000, 0x00000000d5550000)
  eden space 31808K,  98% used [0x00000000c0000000, 0x00000000c1eb51e0, 0x00000000c1f10000)
  from space 3904K,   0% used [0x00000000c22e0000, 0x00000000c22e0148, 0x00000000c26b0000)
  to   space 3904K,   0% used [0x00000000c1f10000, 0x00000000c1f10000, 0x00000000c22e0000)
 tenured generation   total 79096K, used 59627K [0x00000000d5550000, 0x00000000da28e000, 0x0000000100000000)
   the space 79096K,  75% used [0x00000000d5550000, 0x00000000d8f8ac38, 0x00000000d8f8ae00, 0x00000000da28e000)
 Metaspace       used 71702K, capacity 73198K, committed 73304K, reserved 1112064K
  class space    used 10051K, capacity 10272K, committed 10328K, reserved 1048576K
Event: 61.046 GC heap after
Heap after GC invocations=291 (full 12):
 def new generation   total 35712K, used 1K [0x00000000c0000000, 0x00000000c26b0000, 0x00000000d5550000)
  eden space 31808K,   0% used [0x00000000c0000000, 0x00000000c0000000, 0x00000000c1f10000)
  from space 3904K,   0% used [0x00000000c1f10000, 0x00000000c1f10748, 0x00000000c22e0000)
  to   space 3904K,   0% used [0x00000000c22e0000, 0x00000000c22e0000, 0x00000000c26b0000)
 tenured generation   total 79096K, used 71337K [0x00000000d5550000, 0x00000000da28e000, 0x0000000100000000)
   the space 79096K,  90% used [0x00000000d5550000, 0x00000000d9afa678, 0x00000000d9afa800, 0x00000000da28e000)
 Metaspace       used 71702K, capacity 73198K, committed 73304K, reserved 1112064K
  class space    used 10051K, capacity 10272K, committed 10328K, reserved 1048576K
}
Event: 61.617 GC heap before
{Heap before GC invocations=291 (full 12):
 def new generation   total 35712K, used 29080K [0x00000000c0000000, 0x00000000c26b0000, 0x00000000d5550000)
  eden space 31808K,  91% used [0x00000000c0000000, 0x00000000c1c65c10, 0x00000000c1f10000)
  from space 3904K,   0% used [0x00000000c1f10000, 0x00000000c1f10748, 0x00000000c22e0000)
  to   space 3904K,   0% used [0x00000000c22e0000, 0x00000000c22e0000, 0x00000000c26b0000)
 tenured generation   total 79096K, used 71337K [0x00000000d5550000, 0x00000000da28e000, 0x0000000100000000)
   the space 79096K,  90% used [0x00000000d5550000, 0x00000000d9afa678, 0x00000000d9afa800, 0x00000000da28e000)
 Metaspace       used 71702K, capacity 73198K, committed 73304K, reserved 1112064K
  class space    used 10051K, capacity 10272K, committed 10328K, reserved 1048576K
Event: 63.340 GC heap after
Heap after GC invocations=292 (full 12):
 def new generation   total 35712K, used 2944K [0x00000000c0000000, 0x00000000c26b0000, 0x00000000d5550000)
  eden space 31808K,   0% used [0x00000000c0000000, 0x00000000c0000000, 0x00000000c1f10000)
  from space 3904K,  75% used [0x00000000c22e0000, 0x00000000c25c0300, 0x00000000c26b0000)
  to   space 3904K,   0% used [0x00000000c1f10000, 0x00000000c1f10000, 0x00000000c22e0000)
 tenured generation   total 79096K, used 77193K [0x00000000d5550000, 0x00000000da28e000, 0x0000000100000000)
   the space 79096K,  97% used [0x00000000d5550000, 0x00000000da0b2498, 0x00000000da0b2600, 0x00000000da28e000)
 Metaspace       used 71702K, capacity 73198K, committed 73304K, reserved 1112064K
  class space    used 10051K, capacity 10272K, committed 10328K, reserved 1048576K
}
Event: 65.727 GC heap before
{Heap before GC invocations=292 (full 12):
 def new generation   total 35712K, used 27520K [0x00000000c0000000, 0x00000000c26b0000, 0x00000000d5550000)
  eden space 31808K,  77% used [0x00000000c0000000, 0x00000000c17ffd60, 0x00000000c1f10000)
  from space 3904K,  75% used [0x00000000c22e0000, 0x00000000c25c0300, 0x00000000c26b0000)
  to   space 3904K,   0% used [0x00000000c1f10000, 0x00000000c1f10000, 0x00000000c22e0000)
 tenured generation   total 79096K, used 77193K [0x00000000d5550000, 0x00000000da28e000, 0x0000000100000000)
   the space 79096K,  97% used [0x00000000d5550000, 0x00000000da0b2498, 0x00000000da0b2600, 0x00000000da28e000)
 Metaspace       used 71702K, capacity 73198K, committed 73304K, reserved 1112064K
  class space    used 10051K, capacity 10272K, committed 10328K, reserved 1048576K

