# JRE version: OpenJDK Runtime Environment (8.0_181-b13) (build 1.8.0_181-8u181-b13-0ubuntu0.16.04.1-b13)
# Java VM: OpenJDK 64-Bit Server VM (25.181-b13 mixed mode linux-amd64 compressed oops)
Heap:
 def new generation   total 35904K, used 30060K [0x00000000c0000000, 0x00000000c26f0000, 0x00000000d5550000)
  eden space 31936K,  94% used [0x00000000c0000000, 0x00000000c1d58ac0, 0x00000000c1f30000)
  from space 3968K,   0% used [0x00000000c1f30000, 0x00000000c1f326e8, 0x00000000c2310000)
  to   space 3968K,   0% used [0x00000000c2310000, 0x00000000c23105a0, 0x00000000c26f0000)
 tenured generation   total 79604K, used 73120K [0x00000000d5550000, 0x00000000da30d000, 0x0000000100000000)
   the space 79604K,  91% used [0x00000000d5550000, 0x00000000d9cb8138, 0x00000000d9cb8200, 0x00000000da30d000)
 Metaspace       used 71675K, capacity 73198K, committed 73304K, reserved 1112064K
  class space    used 10047K, capacity 10272K, committed 10328K, reserved 1048576K
GC Heap History (10 events):
Event: 27.259 GC heap after
Heap after GC invocations=280 (full 9):
 def new generation   total 33408K, used 0K [0x00000000c0000000, 0x00000000c2440000, 0x00000000d5550000)
  eden space 29696K,   0% used [0x00000000c0000000, 0x00000000c0000000, 0x00000000c1d00000)
  from space 3712K,   0% used [0x00000000c20a0000, 0x00000000c20a0030, 0x00000000c2440000)
  to   space 3712K,   0% used [0x00000000c1d00000, 0x00000000c1d00000, 0x00000000c20a0000)
 tenured generation   total 74144K, used 67782K [0x00000000d5550000, 0x00000000d9db8000, 0x0000000100000000)
   the space 74144K,  91% used [0x00000000d5550000, 0x00000000d97818f8, 0x00000000d9781a00, 0x00000000d9db8000)
 Metaspace       used 71669K, capacity 73198K, committed 73304K, reserved 1112064K
  class space    used 10045K, capacity 10272K, committed 10328K, reserved 1048576K
}
Event: 27.297 GC heap before
{Heap before GC invocations=280 (full 9):
 def new generation   total 33408K, used 25148K [0x00000000c0000000, 0x00000000c2440000, 0x00000000d5550000)
  eden space 29696K,  84% used [0x00000000c0000000, 0x00000000c188f108, 0x00000000c1d00000)
  from space 3712K,   0% used [0x00000000c20a0000, 0x00000000c20a0030, 0x00000000c2440000)
  to   space 3712K,   0% used [0x00000000c1d00000, 0x00000000c1d00000, 0x00000000c20a0000)
 tenured generation   total 74144K, used 67782K [0x00000000d5550000, 0x00000000d9db8000, 0x0000000100000000)
   the space 74144K,  91% used [0x00000000d5550000, 0x00000000d97818f8, 0x00000000d9781a00, 0x00000000d9db8000)
 Metaspace       used 71674K, capacity 73198K, committed 73304K, reserved 1112064K
  class space    used 10047K, capacity 10272K, committed 10328K, reserved 1048576K
Event: 27.335 GC heap after
Heap after GC invocations=281 (full 9):
 def new generation   total 33408K, used 9K [0x00000000c0000000, 0x00000000c2440000, 0x00000000d5550000)
  eden space 29696K,   0% used [0x00000000c0000000, 0x00000000c0000000, 0x00000000c1d00000)
  from space 3712K,   0% used [0x00000000c1d00000, 0x00000000c1d02760, 0x00000000c20a0000)
  to   space 3712K,   0% used [0x00000000c20a0000, 0x00000000c20a0000, 0x00000000c2440000)
 tenured generation   total 74144K, used 73630K [0x00000000d5550000, 0x00000000d9db8000, 0x0000000100000000)
   the space 74144K,  99% used [0x00000000d5550000, 0x00000000d9d37ab8, 0x00000000d9d37c00, 0x00000000d9db8000)
 Metaspace       used 71674K, capacity 73198K, committed 73304K, reserved 1112064K
  class space    used 10047K, capacity 10272K, committed 10328K, reserved 1048576K
}
Event: 27.347 GC heap before
{Heap before GC invocations=281 (full 9):
 def new generation   total 33408K, used 23987K [0x00000000c0000000, 0x00000000c2440000, 0x00000000d5550000)
  eden space 29696K,  80% used [0x00000000c0000000, 0x00000000c176a4c8, 0x00000000c1d00000)
  from space 3712K,   0% used [0x00000000c1d00000, 0x00000000c1d02760, 0x00000000c20a0000)
  to   space 3712K,   0% used [0x00000000c20a0000, 0x00000000c20a0000, 0x00000000c2440000)
 tenured generation   total 74144K, used 73630K [0x00000000d5550000, 0x00000000d9db8000, 0x0000000100000000)
   the space 74144K,  99% used [0x00000000d5550000, 0x00000000d9d37ab8, 0x00000000d9d37c00, 0x00000000d9db8000)
 Metaspace       used 71674K, capacity 73198K, committed 73304K, reserved 1112064K
  class space    used 10047K, capacity 10272K, committed 10328K, reserved 1048576K
Event: 209.039 GC heap after
Heap after GC invocations=282 (full 10):
 def new generation   total 35904K, used 0K [0x00000000c0000000, 0x00000000c26f0000, 0x00000000d5550000)
  eden space 31936K,   0% used [0x00000000c0000000, 0x00000000c0000000, 0x00000000c1f30000)
  from space 3968K,   0% used [0x00000000c1f30000, 0x00000000c1f30000, 0x00000000c2310000)
  to   space 3968K,   0% used [0x00000000c2310000, 0x00000000c2310000, 0x00000000c26f0000)
 tenured generation   total 79604K, used 47760K [0x00000000d5550000, 0x00000000da30d000, 0x0000000100000000)
   the space 79604K,  59% used [0x00000000d5550000, 0x00000000d83f4050, 0x00000000d83f4200, 0x00000000da30d000)
 Metaspace       used 71674K, capacity 73198K, committed 73304K, reserved 1112064K
  class space    used 10047K, capacity 10272K, committed 10328K, reserved 1048576K
}
Event: 211.733 GC heap before
{Heap before GC invocations=282 (full 10):
 def new generation   total 35904K, used 26686K [0x00000000c0000000, 0x00000000c26f0000, 0x00000000d5550000)
  eden space 31936K,  83% used [0x00000000c0000000, 0x00000000c1a0fa80, 0x00000000c1f30000)
  from space 3968K,   0% used [0x00000000c1f30000, 0x00000000c1f30000, 0x00000000c2310000)
  to   space 3968K,   0% used [0x00000000c2310000, 0x00000000c2310000, 0x00000000c26f0000)
 tenured generation   total 79604K, used 47760K [0x00000000d5550000, 0x00000000da30d000, 0x0000000100000000)
   the space 79604K,  59% used [0x00000000d5550000, 0x00000000d83f4050, 0x00000000d83f4200, 0x00000000da30d000)
 Metaspace       used 71674K, capacity 73198K, committed 73304K, reserved 1112064K
  class space    used 10047K, capacity 10272K, committed 10328K, reserved 1048576K
Event: 231.300 GC heap after
Heap after GC invocations=283 (full 10):
 def new generation   total 35904K, used 8K [0x00000000c0000000, 0x00000000c26f0000, 0x00000000d5550000)
  eden space 31936K,   0% used [0x00000000c0000000, 0x00000000c0000000, 0x00000000c1f30000)
  from space 3968K,   0% used [0x00000000c2310000, 0x00000000c2312390, 0x00000000c26f0000)
  to   space 3968K,   0% used [0x00000000c1f30000, 0x00000000c1f30000, 0x00000000c2310000)
 tenured generation   total 79604K, used 65312K [0x00000000d5550000, 0x00000000da30d000, 0x0000000100000000)
   the space 79604K,  82% used [0x00000000d5550000, 0x00000000d9518128, 0x00000000d9518200, 0x00000000da30d000)
 Metaspace       used 71674K, capacity 73198K, committed 73304K, reserved 1112064K
  class space    used 10047K, capacity 10272K, committed 10328K, reserved 1048576K
}
Event: 234.572 GC heap before
{Heap before GC invocations=283 (full 10):
 def new generation   total 35904K, used 31768K [0x00000000c0000000, 0x00000000c26f0000, 0x00000000d5550000)
  eden space 31936K,  99% used [0x00000000c0000000, 0x00000000c1f03d30, 0x00000000c1f30000)
  from space 3968K,   0% used [0x00000000c2310000, 0x00000000c2312390, 0x00000000c26f0000)
  to   space 3968K,   0% used [0x00000000c1f30000, 0x00000000c1f30000, 0x00000000c2310000)
 tenured generation   total 79604K, used 65312K [0x00000000d5550000, 0x00000000da30d000, 0x0000000100000000)
   the space 79604K,  82% used [0x00000000d5550000, 0x00000000d9518128, 0x00000000d9518200, 0x00000000da30d000)
 Metaspace       used 71675K, capacity 73198K, committed 73304K, reserved 1112064K
  class space    used 10047K, capacity 10272K, committed 10328K, reserved 1048576K
Event: 247.014 GC heap after
Heap after GC invocations=284 (full 10):
 def new generation   total 35904K, used 9K [0x00000000c0000000, 0x00000000c26f0000, 0x00000000d5550000)
  eden space 31936K,   0% used [0x00000000c0000000, 0x00000000c0000000, 0x00000000c1f30000)
  from space 3968K,   0% used [0x00000000c1f30000, 0x00000000c1f326e8, 0x00000000c2310000)
  to   space 3968K,   0% used [0x00000000c2310000, 0x00000000c2310000, 0x00000000c26f0000)
 tenured generation   total 79604K, used 73120K [0x00000000d5550000, 0x00000000da30d000, 0x0000000100000000)
   the space 79604K,  91% used [0x00000000d5550000, 0x00000000d9cb8138, 0x00000000d9cb8200, 0x00000000da30d000)
 Metaspace       used 71675K, capacity 73198K, committed 73304K, reserved 1112064K
  class space    used 10047K, capacity 10272K, committed 10328K, reserved 1048576K
}
Event: 249.884 GC heap before
{Heap before GC invocations=284 (full 10):
 def new generation   total 35904K, used 30060K [0x00000000c0000000, 0x00000000c26f0000, 0x00000000d5550000)
  eden space 31936K,  94% used [0x00000000c0000000, 0x00000000c1d58ac0, 0x00000000c1f30000)
  from space 3968K,   0% used [0x00000000c1f30000, 0x00000000c1f326e8, 0x00000000c2310000)
  to   space 3968K,   0% used [0x00000000c2310000, 0x00000000c2310000, 0x00000000c26f0000)
 tenured generation   total 79604K, used 73120K [0x00000000d5550000, 0x00000000da30d000, 0x0000000100000000)
   the space 79604K,  91% used [0x00000000d5550000, 0x00000000d9cb8138, 0x00000000d9cb8200, 0x00000000da30d000)
 Metaspace       used 71675K, capacity 73198K, committed 73304K, reserved 1112064K
  class space    used 10047K, capacity 10272K, committed 10328K, reserved 1048576K

